47 [3340] INFO perfrun.launcher <> - Launcher main begin
51 [3340] INFO perfrun.launcher <> - MessageCatalogInit finished
51 [3340] INFO perfrun.launcher <> - Launcher instance created
51 [3340] INFO perfrun.launcher <> - argc = 7; cmdline = C:\Program Files (x86)\Intel\oneAPI\vtune\2025.10\bin64\amplxe-runss.exe --ui-output-format xml --ui-output-fd 1308 --option-file C:\Users\juyunhui\Desktop\lab1_matrix_vector\Matrix_Cache_Analysis\r000hs2\config\runsa.options 
69 [3340] INFO perfrun.launcher <> - New signal handler callback was added
105 [3340] INFO perfrun.perfcollector <> - SEP tool path: C:\Program Files (x86)\Intel\oneAPI\vtune\2025.10\bin64\sep.exe
115 [3340] INFO perfrun.launcher <> - create msngr2::ICliToolContext
115 [3340] WARN perfrun.launcher <> - The same value is already set for this option. This value is ignored., at file: vcs\perfrun1\launcher\src\configuration.cpp:878
115 [3340] INFO perfrun.launcher <> - create file finder object
115 [3340] INFO perfrun.launcher <> - create a result directory: pattern = C:\Users\juyunhui\Desktop\lab1_matrix_vector\Matrix_Cache_Analysis\r000hs2 pid = 4294967295
118 [3340] INFO perfrun.launcher <> - create data directory = C:\Users\juyunhui\Desktop\lab1_matrix_vector\Matrix_Cache_Analysis\r000hs2\data.0
119 [3340] INFO perfrun.launcher <> - Creating the master collection flag
126 [3340] INFO perfrun.launcher <> - Done creating the master collection flag
126 [10256] INFO perfrun.launcher <> - plugin [remoteplug] was disabled because it doesn't support the given collection type.
126 [10256] INFO perfrun.sdk <> - Allocating TMU :C:\Users\juyunhui\Desktop\lab1_matrix_vector\Matrix_Cache_Analysis\r000hs2\data.0\systemcollector-19140-LAPTOP-G1L9IBM2.sc
127 [10256] INFO perfrun.launcher <> - plugin [] was disabled because it doesn't support the given collection type.
128 [10256] INFO perfrun.launcher <> - plugin [] was disabled because it doesn't support the given collection type.
128 [10256] INFO perfrun.launcher <> - plugin [gpu] was disabled because it doesn't support the given collection type.
128 [10256] INFO perfrun.launcher <> - plugin [etw.kernel] was disabled because it doesn't support the given collection type.
128 [10256] INFO perfrun.launcher <> - plugin [etw.dx] was disabled because it doesn't support the given collection type.
128 [10256] INFO perfrun.launcher <> - plugin [etw.wsa] was disabled because it doesn't support the given collection type.
128 [10256] INFO perfrun.mrte <> - system-wide mode is 0
128 [10256] INFO perfrun.mrte <> - Getting  mrte profiling environment ...
181 [10256] INFO perfrun.mrte <> - INTEL_MRTE_DATA_DIR=C:\Users\juyunhui\Desktop\lab1_matrix_vector\Matrix_Cache_Analysis\r000hs2\data.0
181 [10256] INFO perfrun.mrte <> - INTEL_MRTE_HOST_NAME=LAPTOP-G1L9IBM2
181 [10256] INFO perfrun.mrte <> - JAVA_TOOL_OPTIONS=-agentlib:amplxe_samplingmrte_javaprof_1.0
181 [10256] INFO perfrun.mrte <> - PATH=C:\Program Files (x86)\Intel\oneAPI\vtune\2025.10\bin32\runtime;C:\Program Files (x86)\Intel\oneAPI\vtune\2025.10\bin64\runtime;C:\Windows\System32\HWAudioDriver;C:\Windows\system32;C:\Windows;C:\Windows\System32\Wbem;C:\Windows\System32\WindowsPowerShell\v1.0\;C:\Windows\System32\OpenSSH\;C:\Users\Administrator\AppData\Local\Microsoft\WindowsApps;C:\WINDOWS\system32;C:\WINDOWS;C:\WINDOWS\System32\Wbem;C:\WINDOWS\System32\WindowsPowerShell\v1.0\;C:\WINDOWS\System32\OpenSSH\;C:\WINDOWS\system32\config\systemprofile\AppData\Local\Microsoft\WindowsApps;C:\windows\system32\HWAudioDriver\;C:\Program Files\dotnet\;C:\Program Files (x86)\Windows Kits\10\Windows Performance Toolkit\;C:\WINDOWS\system32;C:\WINDOWS;C:\WINDOWS\System32\Wbem;C:\WINDOWS\System32\WindowsPowerShell\v1.0\;C:\WINDOWS\System32\OpenSSH\;D:\bin;D:\Git\cmd;D:\kshua\;C:\Program Files\Docker\Docker\resources\bin;C:\Program Files (x86)\PuTTY\;C:\TDM-GCC-64\bin;C:\Program Files (x86)\NetSarang\Xshell 8\;C:\Users\juyunhui\AppData\Local\Microsoft\WindowsApps;C:\Users\juyunhui\AppData\Local\Programs\Microsoft VS Code\bin
181 [10256] INFO perfrun.mrte <> - COR_ENABLE_PROFILING=1
181 [10256] INFO perfrun.mrte <> - COR_PROFILER={AA5E4821-E3B1-479c-B7FF-5AD047D22CED}
181 [10256] INFO perfrun.mrte <> - COMPLUS_ProfAPI_ProfilerCompatibilitySetting=EnableV2Profiler
181 [10256] INFO perfrun.mrte <> - CORECLR_ENABLE_PROFILING=1
181 [10256] INFO perfrun.mrte <> - CORECLR_PROFILER={AA5E4821-E3B1-479c-B7FF-5AD047D22CED}
181 [10256] INFO perfrun.mrte <> - CORECLR_PROFILER_PATH=C:\Program Files (x86)\Intel\oneAPI\vtune\2025.10\bin64/amplxe_samplingmrte_clrprof_1.0.dll
181 [10256] INFO perfrun.mrte <> - INTEL_MRTE_PROFILER_MODE=mixed
181 [10256] INFO perfrun.mrte <> - Data directory: C:\Users\juyunhui\Desktop\lab1_matrix_vector\Matrix_Cache_Analysis\r000hs2\data.0
181 [10256] INFO perfrun.mrte <> - Mrte plugin is initialized
181 [10256] INFO perfrun.launcher <> - plugin [emon] was disabled because it doesn't support the given collection type.
181 [10256] INFO perfrun.launcher <> - plugin [cuscol] was disabled because it doesn't support the given collection type.
181 [10256] INFO perfrun.launcher <> - plugin [stdsrc] was disabled because it doesn't support the given collection type.
182 [10256] INFO perfrun.sdk <> - runCmd: "C:\Program Files (x86)\Intel\oneAPI\vtune\2025.10\bin64\sep.exe" -dry-run -ec CPU_CLK_UNHALTED.DISTRIBUTED:sa=2000003:precise=yes,CPU_CLK_UNHALTED.REF_TSC:sample:sa=2000003:precise=yes,CPU_CLK_UNHALTED.THREAD:sa=2000003:precise=yes,FP_ARITH_INST_RETIRED.128B_PACKED_DOUBLE:sa=100003:precise=yes,FP_ARITH_INST_RETIRED.128B_PACKED_SINGLE:sa=100003:precise=yes,FP_ARITH_INST_RETIRED.256B_PACKED_DOUBLE:sa=100003:precise=yes,FP_ARITH_INST_RETIRED.256B_PACKED_SINGLE:sa=100003:precise=yes,FP_ARITH_INST_RETIRED.SCALAR_DOUBLE:sa=100003:precise=yes,FP_ARITH_INST_RETIRED.SCALAR_SINGLE:sa=100003:precise=yes,INST_RETIRED.ANY:sample:sa=2000003:precise=yes,MEM_LOAD_RETIRED.L1_MISS:sa=200003:precise=yes,MEM_LOAD_RETIRED.L2_MISS:sa=100021:precise=yes,MEM_LOAD_RETIRED.L3_MISS:sa=50021:precise=yes,TOPDOWN.SLOTS:sample:sa=10000003:precise=yes,TOPDOWN.SLOTS_P:sample:sa=10000003:precise=yes,TOPDOWN_RETIRING.ALL_P:sample:sa=1000003:precise=yes,UOPS_EXECUTED.THREAD:sa=2000003:precise=yes,UOPS_EXECUTED.X87:sa=2000003:precise=yes,UOPS_RETIRED.SLOTS:sample:sa=2000003:precise=yes,INST_RETIRED.ANY:sa=2000003:precise=yes -experimental
184 [10256] INFO perfrun.sdk <> - runCmd started PID 18044
337 [10256] INFO perfrun.launcher <> - plugin [vtsspp] was disabled because it doesn't support the given collection type.
337 [10256] INFO perfrun.launcher <> - plugin [perf] was disabled because it doesn't support the given collection type.
337 [10256] INFO perfrun.launcher <> - plugin [aoclprofile] was disabled because it doesn't support the given collection type.
337 [10256] INFO perfrun.tpss <> - initialize tpss controller
337 [10256] INFO perfrun.launcher <> - plugin [tpss] was disabled because it doesn't support the given collection type.
337 [10256] INFO perfrun.launcher <> - plugin [] was disabled because it doesn't support the given collection type.
337 [10256] INFO perfrun.launcher <> - plugin [] was disabled because it doesn't support the given collection type.
337 [10256] INFO perfrun.launcher <> - plugin [] was disabled because it doesn't support the given collection type.
337 [10256] INFO perfrun.launcher <> - plugin [] was disabled because it doesn't support the given collection type.
337 [10256] INFO perfrun.launcher <> - plugin [power] was disabled because it doesn't support the given collection type.
337 [10256] INFO perfrun.launcher <> - plugin [] was disabled because it doesn't support the given collection type.
337 [10256] INFO perfrun.launcher <> - plugin [] was disabled because it doesn't support the given collection type.
337 [10256] INFO perfrun.launcher <> - plugin [] was disabled because it doesn't support the given collection type.
337 [10256] INFO perfrun.launcher <> - plugin [l0_metrics] was disabled because it doesn't support the given collection type.
337 [10256] INFO perfrun.launcher <> - plugin [stall_reasons] was disabled because it doesn't support the given collection type.
337 [3340] INFO perfrun.launcher <> - set environment variable: PATH = C:\Program Files (x86)\Intel\oneAPI\vtune\2025.10\bin32\runtime;C:\Program Files (x86)\Intel\oneAPI\vtune\2025.10\bin64\runtime;C:\Windows\System32\HWAudioDriver;C:\Windows\system32;C:\Windows;C:\Windows\System32\Wbem;C:\Windows\System32\WindowsPowerShell\v1.0\;C:\Windows\System32\OpenSSH\;C:\Users\Administrator\AppData\Local\Microsoft\WindowsApps;C:\WINDOWS\system32;C:\WINDOWS;C:\WINDOWS\System32\Wbem;C:\WINDOWS\System32\WindowsPowerShell\v1.0\;C:\WINDOWS\System32\OpenSSH\;C:\WINDOWS\system32\config\systemprofile\AppData\Local\Microsoft\WindowsApps;C:\windows\system32\HWAudioDriver\;C:\Program Files\dotnet\;C:\Program Files (x86)\Windows Kits\10\Windows Performance Toolkit\;C:\WINDOWS\system32;C:\WINDOWS;C:\WINDOWS\System32\Wbem;C:\WINDOWS\System32\WindowsPowerShell\v1.0\;C:\WINDOWS\System32\OpenSSH\;D:\bin;D:\Git\cmd;D:\kshua\;C:\Program Files\Docker\Docker\resources\bin;C:\Program Files (x86)\PuTTY\;C:\TDM-GCC-64\bin;C:\Program Files (x86)\NetSarang\Xshell 8\;C:\Users\juyunhui\AppData\Local\Microsoft\WindowsApps;C:\Users\juyunhui\AppData\Local\Programs\Microsoft VS Code\bin
338 [3340] INFO perfrun.launcher <> - set environment variable: INTEL_LIBITTNOTIFY32 = C:\Program Files (x86)\Intel\oneAPI\vtune\2025.10\bin32\runtime\ittnotify_collector.dll
338 [3340] INFO perfrun.launcher <> - set environment variable: INTEL_LIBITTNOTIFY64 = C:\Program Files (x86)\Intel\oneAPI\vtune\2025.10\bin64\runtime\ittnotify_collector.dll
338 [3340] INFO perfrun.launcher <> - set environment variable: INTEL_ITTNOTIFY_GROUPS = 
338 [3340] INFO perfrun.launcher <> - set environment variable: INTEL_JIT_PROFILER32 = C:\Program Files (x86)\Intel\oneAPI\vtune\2025.10\bin32\runtime\ittnotify_collector.dll
338 [3340] INFO perfrun.launcher <> - set environment variable: INTEL_JIT_PROFILER64 = C:\Program Files (x86)\Intel\oneAPI\vtune\2025.10\bin64\runtime\ittnotify_collector.dll
338 [3340] INFO perfrun.launcher <> - set environment variable: CCL_ITT_LEVEL = 1
338 [3340] INFO perfrun.launcher <> - set environment variable: ENABLE_JITPROFILING = 1
338 [3340] INFO perfrun.launcher <> - set environment variable: CL_CONFIG_USE_VTUNE = True
338 [3340] INFO perfrun.launcher <> - set environment variable: KMP_FORKJOIN_FRAMES = 0
338 [3340] INFO perfrun.launcher <> - set environment variable: KMP_FORKJOIN_FRAMES_MODE = 0
338 [3340] INFO perfrun.launcher <> - set environment variable: INTEL_MRTE_DATA_DIR = C:\Users\juyunhui\Desktop\lab1_matrix_vector\Matrix_Cache_Analysis\r000hs2\data.0
339 [3340] INFO perfrun.launcher <> - set environment variable: INTEL_MRTE_HOST_NAME = LAPTOP-G1L9IBM2
339 [3340] INFO perfrun.launcher <> - set environment variable: JAVA_TOOL_OPTIONS = -agentlib:amplxe_samplingmrte_javaprof_1.0
339 [3340] INFO perfrun.launcher <> - set environment variable: PATH = C:\Program Files (x86)\Intel\oneAPI\vtune\2025.10\bin32\runtime;C:\Program Files (x86)\Intel\oneAPI\vtune\2025.10\bin64\runtime;C:\Windows\System32\HWAudioDriver;C:\Windows\system32;C:\Windows;C:\Windows\System32\Wbem;C:\Windows\System32\WindowsPowerShell\v1.0\;C:\Windows\System32\OpenSSH\;C:\Users\Administrator\AppData\Local\Microsoft\WindowsApps;C:\WINDOWS\system32;C:\WINDOWS;C:\WINDOWS\System32\Wbem;C:\WINDOWS\System32\WindowsPowerShell\v1.0\;C:\WINDOWS\System32\OpenSSH\;C:\WINDOWS\system32\config\systemprofile\AppData\Local\Microsoft\WindowsApps;C:\windows\system32\HWAudioDriver\;C:\Program Files\dotnet\;C:\Program Files (x86)\Windows Kits\10\Windows Performance Toolkit\;C:\WINDOWS\system32;C:\WINDOWS;C:\WINDOWS\System32\Wbem;C:\WINDOWS\System32\WindowsPowerShell\v1.0\;C:\WINDOWS\System32\OpenSSH\;D:\bin;D:\Git\cmd;D:\kshua\;C:\Program Files\Docker\Docker\resources\bin;C:\Program Files (x86)\PuTTY\;C:\TDM-GCC-64\bin;C:\Program Files (x86)\NetSarang\Xshell 8\;C:\Users\juyunhui\AppData\Local\Microsoft\WindowsApps;C:\Users\juyunhui\AppData\Local\Programs\Microsoft VS Code\bin
339 [3340] INFO perfrun.launcher <> - set environment variable: COR_ENABLE_PROFILING = 1
339 [3340] INFO perfrun.launcher <> - set environment variable: COR_PROFILER = {AA5E4821-E3B1-479c-B7FF-5AD047D22CED}
339 [3340] INFO perfrun.launcher <> - set environment variable: COMPLUS_ProfAPI_ProfilerCompatibilitySetting = EnableV2Profiler
339 [3340] INFO perfrun.launcher <> - set environment variable: CORECLR_ENABLE_PROFILING = 1
339 [3340] INFO perfrun.launcher <> - set environment variable: CORECLR_PROFILER = {AA5E4821-E3B1-479c-B7FF-5AD047D22CED}
339 [3340] INFO perfrun.launcher <> - set environment variable: CORECLR_PROFILER_PATH = C:\Program Files (x86)\Intel\oneAPI\vtune\2025.10\bin64/amplxe_samplingmrte_clrprof_1.0.dll
339 [3340] INFO perfrun.launcher <> - set environment variable: INTEL_MRTE_PROFILER_MODE = mixed
339 [3340] INFO perfrun.launcher <> - RpcServer: run RPC server to handle requests
469 [3340] INFO perfrun.sdk <> - IProcessUtil: the given executable 'C:\Users\juyunhui\Desktop\lab1_matrix_vector\build\matrix_vector.exe' is valid.
470 [3340] INFO perfrun.launcher <> - Launcher: command line to start before modification = C:\Users\juyunhui\Desktop\lab1_matrix_vector\build\matrix_vector.exe
470 [3340] INFO perfrun.launcher <> - Launcher: command line to start after modification = C:\Users\juyunhui\Desktop\lab1_matrix_vector\build\matrix_vector.exe
470 [3340] INFO perfrun.launcher <> - ProcessCreator object was created
473 [3340] INFO perfrun.launcher <> - Launcher: the process was started in suspend mode
474 [10256] INFO perfrun.itt <> - start itt controller for pid #8188
475 [10256] INFO perfrun.sdk <> - runCmd: "C:\Program Files (x86)\Intel\oneAPI\vtune\2025.10\bin64\sep.exe" -start -experimental -uem timer=10 -em factor=5 -out C:\Users\juyunhui\Desktop\lab1_matrix_vector\Matrix_Cache_Analysis\r000hs2\data.0\sep2810.20260402T212000.390156 -ec INST_RETIRED.ANY:sample:sa=2000003:precise=yes,CPU_CLK_UNHALTED.THREAD:sa=2000003:precise=yes,CPU_CLK_UNHALTED.REF_TSC:sample:sa=2000003:precise=yes,MEM_LOAD_RETIRED.L1_MISS:sa=200003:precise=yes,MEM_LOAD_RETIRED.L2_MISS:sa=100021:precise=yes,MEM_LOAD_RETIRED.L3_MISS:sa=50021:precise=yes,CPU_CLK_UNHALTED.DISTRIBUTED:sa=2000003:precise=yes,FP_ARITH_INST_RETIRED.128B_PACKED_DOUBLE:sa=100003:precise=yes,FP_ARITH_INST_RETIRED.128B_PACKED_SINGLE:sa=100003:precise=yes,FP_ARITH_INST_RETIRED.256B_PACKED_DOUBLE:sa=100003:precise=yes,FP_ARITH_INST_RETIRED.256B_PACKED_SINGLE:sa=100003:precise=yes,FP_ARITH_INST_RETIRED.SCALAR_DOUBLE:sa=100003:precise=yes,FP_ARITH_INST_RETIRED.SCALAR_SINGLE:sa=100003:precise=yes,TOPDOWN.SLOTS_P:sample:sa=10000003:precise=yes,UOPS_EXECUTED.THREAD:sa=2000003:precise=yes,UOPS_EXECUTED.X87:sa=2000003:precise=yes,UOPS_RETIRED.SLOTS:sample:sa=2000003:precise=yes,TOPDOWN_RETIRING.ALL_P:sample:sa=1000003:precise=yes, -d 0 -uem factor=10
476 [10256] INFO perfrun.sdk <> - runCmd started PID 15876
30913 [10256] WARN perfrun.sep <> - checkCollectionStatus timed out after 30 seconds, checkStarted: 1, at file: vcs\perfrun1\plugins\sep\src\controller.cpp:290
30914 [10256] INFO perfrun.sdk <> - runCmd: "C:\Program Files (x86)\Intel\oneAPI\vtune\2025.10\bin64\sep.exe" -start -d 1 -experimental -uem timer=10 -em factor=5 -out C:\Users\juyunhui\Desktop\lab1_matrix_vector\Matrix_Cache_Analysis\r000hs2\data.0\sep2810.20260402T212000.390156 -ec INST_RETIRED.ANY:sample:sa=2000003:precise=yes,CPU_CLK_UNHALTED.THREAD:sa=2000003:precise=yes,CPU_CLK_UNHALTED.REF_TSC:sample:sa=2000003:precise=yes,MEM_LOAD_RETIRED.L1_MISS:sa=200003:precise=yes,MEM_LOAD_RETIRED.L2_MISS:sa=100021:precise=yes,MEM_LOAD_RETIRED.L3_MISS:sa=50021:precise=yes,CPU_CLK_UNHALTED.DISTRIBUTED:sa=2000003:precise=yes,FP_ARITH_INST_RETIRED.128B_PACKED_DOUBLE:sa=100003:precise=yes,FP_ARITH_INST_RETIRED.128B_PACKED_SINGLE:sa=100003:precise=yes,FP_ARITH_INST_RETIRED.256B_PACKED_DOUBLE:sa=100003:precise=yes,FP_ARITH_INST_RETIRED.256B_PACKED_SINGLE:sa=100003:precise=yes,FP_ARITH_INST_RETIRED.SCALAR_DOUBLE:sa=100003:precise=yes,FP_ARITH_INST_RETIRED.SCALAR_SINGLE:sa=100003:precise=yes,TOPDOWN.SLOTS_P:sample:sa=10000003:precise=yes,UOPS_EXECUTED.THREAD:sa=2000003:precise=yes,UOPS_EXECUTED.X87:sa=2000003:precise=yes,UOPS_RETIRED.SLOTS:sample:sa=2000003:precise=yes,TOPDOWN_RETIRING.ALL_P:sample:sa=1000003:precise=yes,
30918 [10256] INFO perfrun.sdk <> - runCmd started PID 3064
31098 [10256] WARN perfrun.sdk <> - Unexpected exit status - 197, at file: vcs\perfrun1\sdk\src\utils_win.cpp:544
31098 [10256] INFO perfrun.sepdk <> - Precise Event Based Sampling (PEBS) is not supported. Please choose non-PEBS events

31098 [10256] ERROR perfrun.launcher <> - Messenger::say: Precise Event Based Sampling (PEBS) is not supported. Please choose non-PEBS events

31100 [10256] ERROR perfrun.launcher <> - sep can not perform an operation and will be disabled., at file: vcs\perfrun1\launcher\src/plugin_manager_impl.hpp:422
31110 [10256] INFO perfrun.itt <> - detach itt controller
31110 [10256] INFO perfrun.itt <> - detach itt controller done
31110 [10256] INFO perfrun.sdk <> - De-allocating TMU: C:\Users\juyunhui\Desktop\lab1_matrix_vector\Matrix_Cache_Analysis\r000hs2\data.0\systemcollector-19140-LAPTOP-G1L9IBM2.sc
31127 [10256] INFO perfrun.system <> - closed the system trace file: C:\Users\juyunhui\Desktop\lab1_matrix_vector\Matrix_Cache_Analysis\r000hs2\data.0\systemcollector-19140-LAPTOP-G1L9IBM2.sc
31127 [3340] WARN perfrun.launcher <> - IMessenger: ignore empty message with severity = 8, at file: vcs\perfrun1\launcher\src\messenger_impl.cpp:75
31127 [3340] INFO perfrun.launcher <> - Application exit code: 0
31127 [3340] INFO perfrun.launcher <> - Exit code: 2
